Created by PLY version 3.10 (http://www.dabeaz.com/ply)

Grammar

Rule 0     S' -> expression
Rule 1     expression -> expression AND expression
Rule 2     expression -> expression OR expression
Rule 3     expression -> NOT expression
Rule 4     expression -> LPAREN expression RPAREN
Rule 5     expression -> TK

Terminals, with rules where they appear

AND                  : 1
LPAREN               : 4
NOT                  : 3
OR                   : 2
RPAREN               : 4
TK                   : 5
error                : 

Nonterminals, with rules where they appear

expression           : 1 1 2 2 3 4 0

Parsing method: LALR

state 0

    (0) S' -> . expression
    (1) expression -> . expression AND expression
    (2) expression -> . expression OR expression
    (3) expression -> . NOT expression
    (4) expression -> . LPAREN expression RPAREN
    (5) expression -> . TK

    NOT             shift and go to state 2
    LPAREN          shift and go to state 3
    TK              shift and go to state 4

    expression                     shift and go to state 1

state 1

    (0) S' -> expression .
    (1) expression -> expression . AND expression
    (2) expression -> expression . OR expression

    AND             shift and go to state 5
    OR              shift and go to state 6


state 2

    (3) expression -> NOT . expression
    (1) expression -> . expression AND expression
    (2) expression -> . expression OR expression
    (3) expression -> . NOT expression
    (4) expression -> . LPAREN expression RPAREN
    (5) expression -> . TK

    NOT             shift and go to state 2
    LPAREN          shift and go to state 3
    TK              shift and go to state 4

    expression                     shift and go to state 7

state 3

    (4) expression -> LPAREN . expression RPAREN
    (1) expression -> . expression AND expression
    (2) expression -> . expression OR expression
    (3) expression -> . NOT expression
    (4) expression -> . LPAREN expression RPAREN
    (5) expression -> . TK

    NOT             shift and go to state 2
    LPAREN          shift and go to state 3
    TK              shift and go to state 4

    expression                     shift and go to state 8

state 4

    (5) expression -> TK .

    AND             reduce using rule 5 (expression -> TK .)
    OR              reduce using rule 5 (expression -> TK .)
    $end            reduce using rule 5 (expression -> TK .)
    RPAREN          reduce using rule 5 (expression -> TK .)


state 5

    (1) expression -> expression AND . expression
    (1) expression -> . expression AND expression
    (2) expression -> . expression OR expression
    (3) expression -> . NOT expression
    (4) expression -> . LPAREN expression RPAREN
    (5) expression -> . TK

    NOT             shift and go to state 2
    LPAREN          shift and go to state 3
    TK              shift and go to state 4

    expression                     shift and go to state 9

state 6

    (2) expression -> expression OR . expression
    (1) expression -> . expression AND expression
    (2) expression -> . expression OR expression
    (3) expression -> . NOT expression
    (4) expression -> . LPAREN expression RPAREN
    (5) expression -> . TK

    NOT             shift and go to state 2
    LPAREN          shift and go to state 3
    TK              shift and go to state 4

    expression                     shift and go to state 10

state 7

    (3) expression -> NOT expression .
    (1) expression -> expression . AND expression
    (2) expression -> expression . OR expression

    AND             reduce using rule 3 (expression -> NOT expression .)
    OR              reduce using rule 3 (expression -> NOT expression .)
    $end            reduce using rule 3 (expression -> NOT expression .)
    RPAREN          reduce using rule 3 (expression -> NOT expression .)

  ! AND             [ shift and go to state 5 ]
  ! OR              [ shift and go to state 6 ]


state 8

    (4) expression -> LPAREN expression . RPAREN
    (1) expression -> expression . AND expression
    (2) expression -> expression . OR expression

    RPAREN          shift and go to state 11
    AND             shift and go to state 5
    OR              shift and go to state 6


state 9

    (1) expression -> expression AND expression .
    (1) expression -> expression . AND expression
    (2) expression -> expression . OR expression

    AND             reduce using rule 1 (expression -> expression AND expression .)
    OR              reduce using rule 1 (expression -> expression AND expression .)
    $end            reduce using rule 1 (expression -> expression AND expression .)
    RPAREN          reduce using rule 1 (expression -> expression AND expression .)

  ! AND             [ shift and go to state 5 ]
  ! OR              [ shift and go to state 6 ]


state 10

    (2) expression -> expression OR expression .
    (1) expression -> expression . AND expression
    (2) expression -> expression . OR expression

    OR              reduce using rule 2 (expression -> expression OR expression .)
    $end            reduce using rule 2 (expression -> expression OR expression .)
    RPAREN          reduce using rule 2 (expression -> expression OR expression .)
    AND             shift and go to state 5

  ! AND             [ reduce using rule 2 (expression -> expression OR expression .) ]
  ! OR              [ shift and go to state 6 ]


state 11

    (4) expression -> LPAREN expression RPAREN .

    AND             reduce using rule 4 (expression -> LPAREN expression RPAREN .)
    OR              reduce using rule 4 (expression -> LPAREN expression RPAREN .)
    $end            reduce using rule 4 (expression -> LPAREN expression RPAREN .)
    RPAREN          reduce using rule 4 (expression -> LPAREN expression RPAREN .)

